<?xml version="1.0" encoding="UTF-8"?>
<robot generator="Robot 7.1.1 (Python 3.10.11 on win32)" generated="2024-11-18T23:26:32.346866" rpa="false" schemaversion="5">
<suite id="s1" name="Tests" source="C:\Users\Emil\webcounter\src\tests">
<suite id="s1-s1" name="Counter" source="C:\Users\Emil\webcounter\src\tests\counter.robot">
<test id="s1-s1-t1" name="Set Counter Value" line="12">
<kw name="Open Browser" owner="SeleniumLibrary">
<msg time="2024-11-18T23:26:32.560922" level="INFO">Opening browser 'chrome' to base url 'http://localhost:5001'.</msg>
<arg>${HOME_URL}</arg>
<arg>${BROWSER}</arg>
<arg>headless=${HEADLESS}</arg>
<doc>Opens a new browser instance to the optional ``url``.</doc>
<status status="PASS" start="2024-11-18T23:26:32.560922" elapsed="1.532229"/>
</kw>
<kw name="Input Text" owner="SeleniumLibrary">
<msg time="2024-11-18T23:26:34.094150" level="INFO">Typing text '10' into text field 'value'.</msg>
<msg time="2024-11-18T23:26:34.151669" level="INFO" html="true">&lt;/td&gt;&lt;/tr&gt;&lt;tr&gt;&lt;td colspan="3"&gt;&lt;a href="selenium-screenshot-5.png"&gt;&lt;img src="selenium-screenshot-5.png" width="800px"&gt;&lt;/a&gt;</msg>
<msg time="2024-11-18T23:26:34.151669" level="FAIL">Element with locator 'value' not found.</msg>
<arg>value</arg>
<arg>10</arg>
<doc>Types the given ``text`` into the text field identified by ``locator``.</doc>
<status status="FAIL" start="2024-11-18T23:26:34.094150" elapsed="0.058520">Element with locator 'value' not found.</status>
</kw>
<kw name="Click Button" owner="SeleniumLibrary">
<arg>Set Counter</arg>
<doc>Clicks the button identified by ``locator``.</doc>
<status status="NOT RUN" start="2024-11-18T23:26:34.153670" elapsed="0.000000"/>
</kw>
<kw name="Page Should Contain" owner="SeleniumLibrary">
<arg>10</arg>
<doc>Verifies that current page contains ``text``.</doc>
<status status="NOT RUN" start="2024-11-18T23:26:34.153670" elapsed="0.000000"/>
</kw>
<kw name="Close Browser" owner="SeleniumLibrary">
<doc>Closes the current browser.</doc>
<status status="NOT RUN" start="2024-11-18T23:26:34.153670" elapsed="0.000000"/>
</kw>
<status status="FAIL" start="2024-11-18T23:26:32.559922" elapsed="1.593748">Element with locator 'value' not found.</status>
</test>
<status status="FAIL" start="2024-11-18T23:26:32.363870" elapsed="1.790800"/>
</suite>
<suite id="s1-s2" name="Home" source="C:\Users\Emil\webcounter\src\tests\home.robot">
<kw name="Open And Configure Browser" owner="resource" type="SETUP">
<if>
<branch type="IF" condition="$BROWSER == 'chrome'">
<kw name="Evaluate" owner="BuiltIn">
<msg time="2024-11-18T23:26:34.169673" level="INFO">${options} = &lt;selenium.webdriver.chrome.options.Options object at 0x00000190DABFDD80&gt;</msg>
<var>${options}</var>
<arg>sys.modules['selenium.webdriver'].ChromeOptions()</arg>
<arg>sys</arg>
<doc>Evaluates the given expression in Python and returns the result.</doc>
<status status="PASS" start="2024-11-18T23:26:34.169673" elapsed="0.000000"/>
</kw>
<status status="PASS" start="2024-11-18T23:26:34.160671" elapsed="0.009002"/>
</branch>
<branch type="ELSE IF" condition="$BROWSER == 'firefox'">
<kw name="Evaluate" owner="BuiltIn">
<var>${options}</var>
<arg>sys.modules['selenium.webdriver'].FirefoxOptions()</arg>
<arg>sys</arg>
<doc>Evaluates the given expression in Python and returns the result.</doc>
<status status="NOT RUN" start="2024-11-18T23:26:34.170673" elapsed="0.000000"/>
</kw>
<status status="NOT RUN" start="2024-11-18T23:26:34.169673" elapsed="0.001000"/>
</branch>
<status status="PASS" start="2024-11-18T23:26:34.160671" elapsed="0.010002"/>
</if>
<if>
<branch type="IF" condition="$HEADLESS == 'true'">
<kw name="Set Selenium Speed" owner="SeleniumLibrary">
<arg>0</arg>
<doc>Sets the delay that is waited after each Selenium command.</doc>
<status status="NOT RUN" start="2024-11-18T23:26:34.170673" elapsed="0.000000"/>
</kw>
<kw name="Call Method" owner="BuiltIn">
<arg>${options}</arg>
<arg>add_argument</arg>
<arg>--headless</arg>
<doc>Calls the named method of the given object with the provided arguments.</doc>
<status status="NOT RUN" start="2024-11-18T23:26:34.170673" elapsed="0.000000"/>
</kw>
<status status="NOT RUN" start="2024-11-18T23:26:34.170673" elapsed="0.000000"/>
</branch>
<branch type="ELSE">
<kw name="Set Selenium Speed" owner="SeleniumLibrary">
<arg>${DELAY}</arg>
<doc>Sets the delay that is waited after each Selenium command.</doc>
<status status="PASS" start="2024-11-18T23:26:34.170673" elapsed="0.000000"/>
</kw>
<status status="PASS" start="2024-11-18T23:26:34.170673" elapsed="0.000000"/>
</branch>
<status status="PASS" start="2024-11-18T23:26:34.170673" elapsed="0.000000"/>
</if>
<kw name="Open Browser" owner="SeleniumLibrary">
<msg time="2024-11-18T23:26:34.170673" level="INFO">Opening browser 'chrome' to base url 'None'.</msg>
<arg>browser=${BROWSER}</arg>
<arg>options=${options}</arg>
<doc>Opens a new browser instance to the optional ``url``.</doc>
<status status="PASS" start="2024-11-18T23:26:34.170673" elapsed="1.307901"/>
</kw>
<status status="PASS" start="2024-11-18T23:26:34.159671" elapsed="1.318903"/>
</kw>
<test id="s1-s2-t1" name="Click Login Link" line="8">
<kw name="Reset Application And Go To Starting Page" type="SETUP">
<msg time="2024-11-18T23:26:35.480574" level="FAIL">No keyword with name 'Reset Application And Go To Starting Page' found.</msg>
<status status="FAIL" start="2024-11-18T23:26:35.480574" elapsed="0.000000">No keyword with name 'Reset Application And Go To Starting Page' found.</status>
</kw>
<status status="FAIL" start="2024-11-18T23:26:35.479574" elapsed="0.001000">Setup failed:
No keyword with name 'Reset Application And Go To Starting Page' found.</status>
</test>
<test id="s1-s2-t2" name="Click Register Link" line="12">
<kw name="Reset Application And Go To Starting Page" type="SETUP">
<msg time="2024-11-18T23:26:35.482575" level="FAIL">No keyword with name 'Reset Application And Go To Starting Page' found.</msg>
<status status="FAIL" start="2024-11-18T23:26:35.482575" elapsed="0.000000">No keyword with name 'Reset Application And Go To Starting Page' found.</status>
</kw>
<status status="FAIL" start="2024-11-18T23:26:35.481575" elapsed="0.001000">Setup failed:
No keyword with name 'Reset Application And Go To Starting Page' found.</status>
</test>
<kw name="Close Browser" owner="SeleniumLibrary" type="TEARDOWN">
<doc>Closes the current browser.</doc>
<status status="PASS" start="2024-11-18T23:26:35.482575" elapsed="2.555999"/>
</kw>
<status status="FAIL" start="2024-11-18T23:26:34.154670" elapsed="3.883904"/>
</suite>
<suite id="s1-s3" name="Increment" source="C:\Users\Emil\webcounter\src\tests\increment.robot">
<kw name="Open And Configure Browser" owner="resource" type="SETUP">
<if>
<branch type="IF" condition="$BROWSER == 'chrome'">
<kw name="Evaluate" owner="BuiltIn">
<msg time="2024-11-18T23:26:38.043575" level="INFO">${options} = &lt;selenium.webdriver.chrome.options.Options object at 0x00000190DABFD780&gt;</msg>
<var>${options}</var>
<arg>sys.modules['selenium.webdriver'].ChromeOptions()</arg>
<arg>sys</arg>
<doc>Evaluates the given expression in Python and returns the result.</doc>
<status status="PASS" start="2024-11-18T23:26:38.043575" elapsed="0.000000"/>
</kw>
<status status="PASS" start="2024-11-18T23:26:38.042575" elapsed="0.001000"/>
</branch>
<branch type="ELSE IF" condition="$BROWSER == 'firefox'">
<kw name="Evaluate" owner="BuiltIn">
<var>${options}</var>
<arg>sys.modules['selenium.webdriver'].FirefoxOptions()</arg>
<arg>sys</arg>
<doc>Evaluates the given expression in Python and returns the result.</doc>
<status status="NOT RUN" start="2024-11-18T23:26:38.043575" elapsed="0.000000"/>
</kw>
<status status="NOT RUN" start="2024-11-18T23:26:38.043575" elapsed="0.000000"/>
</branch>
<status status="PASS" start="2024-11-18T23:26:38.042575" elapsed="0.001000"/>
</if>
<if>
<branch type="IF" condition="$HEADLESS == 'true'">
<kw name="Set Selenium Speed" owner="SeleniumLibrary">
<arg>0</arg>
<doc>Sets the delay that is waited after each Selenium command.</doc>
<status status="NOT RUN" start="2024-11-18T23:26:38.043575" elapsed="0.000000"/>
</kw>
<kw name="Call Method" owner="BuiltIn">
<arg>${options}</arg>
<arg>add_argument</arg>
<arg>--headless</arg>
<doc>Calls the named method of the given object with the provided arguments.</doc>
<status status="NOT RUN" start="2024-11-18T23:26:38.043575" elapsed="0.000000"/>
</kw>
<status status="NOT RUN" start="2024-11-18T23:26:38.043575" elapsed="0.000999"/>
</branch>
<branch type="ELSE">
<kw name="Set Selenium Speed" owner="SeleniumLibrary">
<arg>${DELAY}</arg>
<doc>Sets the delay that is waited after each Selenium command.</doc>
<status status="PASS" start="2024-11-18T23:26:38.044574" elapsed="0.000000"/>
</kw>
<status status="PASS" start="2024-11-18T23:26:38.044574" elapsed="0.000000"/>
</branch>
<status status="PASS" start="2024-11-18T23:26:38.043575" elapsed="0.000999"/>
</if>
<kw name="Open Browser" owner="SeleniumLibrary">
<msg time="2024-11-18T23:26:38.044574" level="INFO">Opening browser 'chrome' to base url 'None'.</msg>
<arg>browser=${BROWSER}</arg>
<arg>options=${options}</arg>
<doc>Opens a new browser instance to the optional ``url``.</doc>
<status status="PASS" start="2024-11-18T23:26:38.044574" elapsed="1.262455"/>
</kw>
<status status="PASS" start="2024-11-18T23:26:38.042575" elapsed="1.264454"/>
</kw>
<test id="s1-s3-t1" name="At start the counter is zero" line="7">
<kw name="Go To" owner="SeleniumLibrary">
<msg time="2024-11-18T23:26:39.308029" level="INFO">Opening url 'http://localhost:5001'</msg>
<arg>${HOME_URL}</arg>
<doc>Navigates the current browser window to the provided ``url``.</doc>
<status status="PASS" start="2024-11-18T23:26:39.308029" elapsed="0.836913"/>
</kw>
<kw name="Title Should Be" owner="SeleniumLibrary">
<msg time="2024-11-18T23:26:40.653413" level="INFO">Page title is 'Laskuri'.</msg>
<arg>Laskuri</arg>
<doc>Verifies that the current page title equals ``title``.</doc>
<status status="PASS" start="2024-11-18T23:26:40.144942" elapsed="0.508471"/>
</kw>
<kw name="Page Should Contain" owner="SeleniumLibrary">
<msg time="2024-11-18T23:26:41.680113" level="INFO">Current page contains text 'nappia painettu 0 kertaa'.</msg>
<arg>nappia painettu 0 kertaa</arg>
<doc>Verifies that current page contains ``text``.</doc>
<status status="PASS" start="2024-11-18T23:26:40.653413" elapsed="1.026700"/>
</kw>
<status status="PASS" start="2024-11-18T23:26:39.307029" elapsed="2.373084"/>
</test>
<test id="s1-s3-t2" name="When button pressed twice the counter is two" line="12">
<kw name="Go To" owner="SeleniumLibrary">
<msg time="2024-11-18T23:26:41.681113" level="INFO">Opening url 'http://localhost:5001'</msg>
<arg>${HOME_URL}</arg>
<doc>Navigates the current browser window to the provided ``url``.</doc>
<status status="PASS" start="2024-11-18T23:26:41.681113" elapsed="0.522256"/>
</kw>
<kw name="Click Button" owner="SeleniumLibrary">
<msg time="2024-11-18T23:26:42.203369" level="INFO">Clicking button 'Paina'.</msg>
<arg>Paina</arg>
<doc>Clicks the button identified by ``locator``.</doc>
<status status="PASS" start="2024-11-18T23:26:42.203369" elapsed="1.870649"/>
</kw>
<kw name="Click Button" owner="SeleniumLibrary">
<msg time="2024-11-18T23:26:44.074018" level="INFO">Clicking button 'Paina'.</msg>
<arg>Paina</arg>
<doc>Clicks the button identified by ``locator``.</doc>
<status status="PASS" start="2024-11-18T23:26:44.074018" elapsed="1.557298"/>
</kw>
<kw name="Page Should Contain" owner="SeleniumLibrary">
<msg time="2024-11-18T23:26:46.645094" level="INFO">Current page contains text 'nappia painettu 2 kertaa'.</msg>
<arg>nappia painettu 2 kertaa</arg>
<doc>Verifies that current page contains ``text``.</doc>
<status status="PASS" start="2024-11-18T23:26:45.631316" elapsed="1.013778"/>
</kw>
<status status="PASS" start="2024-11-18T23:26:41.680113" elapsed="4.964981"/>
</test>
<kw name="Close Browser" owner="SeleniumLibrary" type="TEARDOWN">
<doc>Closes the current browser.</doc>
<status status="PASS" start="2024-11-18T23:26:46.646094" elapsed="2.542184"/>
</kw>
<status status="PASS" start="2024-11-18T23:26:38.039573" elapsed="11.148705"/>
</suite>
<suite id="s1-s4" name="Reset" source="C:\Users\Emil\webcounter\src\tests\reset.robot">
<kw name="Open And Configure Browser" owner="resource" type="SETUP">
<if>
<branch type="IF" condition="$BROWSER == 'chrome'">
<kw name="Evaluate" owner="BuiltIn">
<msg time="2024-11-18T23:26:49.193280" level="INFO">${options} = &lt;selenium.webdriver.chrome.options.Options object at 0x00000190DAB42C50&gt;</msg>
<var>${options}</var>
<arg>sys.modules['selenium.webdriver'].ChromeOptions()</arg>
<arg>sys</arg>
<doc>Evaluates the given expression in Python and returns the result.</doc>
<status status="PASS" start="2024-11-18T23:26:49.193280" elapsed="0.000000"/>
</kw>
<status status="PASS" start="2024-11-18T23:26:49.192279" elapsed="0.001001"/>
</branch>
<branch type="ELSE IF" condition="$BROWSER == 'firefox'">
<kw name="Evaluate" owner="BuiltIn">
<var>${options}</var>
<arg>sys.modules['selenium.webdriver'].FirefoxOptions()</arg>
<arg>sys</arg>
<doc>Evaluates the given expression in Python and returns the result.</doc>
<status status="NOT RUN" start="2024-11-18T23:26:49.193280" elapsed="0.000000"/>
</kw>
<status status="NOT RUN" start="2024-11-18T23:26:49.193280" elapsed="0.000000"/>
</branch>
<status status="PASS" start="2024-11-18T23:26:49.192279" elapsed="0.001001"/>
</if>
<if>
<branch type="IF" condition="$HEADLESS == 'true'">
<kw name="Set Selenium Speed" owner="SeleniumLibrary">
<arg>0</arg>
<doc>Sets the delay that is waited after each Selenium command.</doc>
<status status="NOT RUN" start="2024-11-18T23:26:49.193280" elapsed="0.000000"/>
</kw>
<kw name="Call Method" owner="BuiltIn">
<arg>${options}</arg>
<arg>add_argument</arg>
<arg>--headless</arg>
<doc>Calls the named method of the given object with the provided arguments.</doc>
<status status="NOT RUN" start="2024-11-18T23:26:49.193280" elapsed="0.000000"/>
</kw>
<status status="NOT RUN" start="2024-11-18T23:26:49.193280" elapsed="0.001000"/>
</branch>
<branch type="ELSE">
<kw name="Set Selenium Speed" owner="SeleniumLibrary">
<arg>${DELAY}</arg>
<doc>Sets the delay that is waited after each Selenium command.</doc>
<status status="PASS" start="2024-11-18T23:26:49.194280" elapsed="0.000000"/>
</kw>
<status status="PASS" start="2024-11-18T23:26:49.194280" elapsed="0.000000"/>
</branch>
<status status="PASS" start="2024-11-18T23:26:49.193280" elapsed="0.001000"/>
</if>
<kw name="Open Browser" owner="SeleniumLibrary">
<msg time="2024-11-18T23:26:49.194280" level="INFO">Opening browser 'chrome' to base url 'None'.</msg>
<arg>browser=${BROWSER}</arg>
<arg>options=${options}</arg>
<doc>Opens a new browser instance to the optional ``url``.</doc>
<status status="PASS" start="2024-11-18T23:26:49.194280" elapsed="1.283310"/>
</kw>
<status status="PASS" start="2024-11-18T23:26:49.192279" elapsed="1.285311"/>
</kw>
<test id="s1-s4-t1" name="When counter has a nonzero value and it is reset the value becomes zero" line="7">
<kw name="Go To" owner="SeleniumLibrary">
<msg time="2024-11-18T23:26:50.478590" level="INFO">Opening url 'http://localhost:5001'</msg>
<arg>${HOME_URL}</arg>
<doc>Navigates the current browser window to the provided ``url``.</doc>
<status status="PASS" start="2024-11-18T23:26:50.477590" elapsed="0.849777"/>
</kw>
<kw name="Click Button" owner="SeleniumLibrary">
<msg time="2024-11-18T23:26:51.327367" level="INFO">Clicking button 'Paina'.</msg>
<arg>Paina</arg>
<doc>Clicks the button identified by ``locator``.</doc>
<status status="PASS" start="2024-11-18T23:26:51.327367" elapsed="1.869728"/>
</kw>
<kw name="Click Button" owner="SeleniumLibrary">
<msg time="2024-11-18T23:26:53.197095" level="INFO">Clicking button 'Paina'.</msg>
<arg>Paina</arg>
<doc>Clicks the button identified by ``locator``.</doc>
<status status="PASS" start="2024-11-18T23:26:53.197095" elapsed="1.569476"/>
</kw>
<kw name="Page Should Contain" owner="SeleniumLibrary">
<msg time="2024-11-18T23:26:57.367797" level="INFO" html="true">&lt;/td&gt;&lt;/tr&gt;&lt;tr&gt;&lt;td colspan="3"&gt;&lt;a href="selenium-screenshot-6.png"&gt;&lt;img src="selenium-screenshot-6.png" width="800px"&gt;&lt;/a&gt;</msg>
<msg time="2024-11-18T23:26:57.367797" level="FAIL">Page should have contained text 'nappia painettu 2 kertaa' but did not.</msg>
<arg>nappia painettu 2 kertaa</arg>
<doc>Verifies that current page contains ``text``.</doc>
<status status="FAIL" start="2024-11-18T23:26:54.766571" elapsed="2.601226">Page should have contained text 'nappia painettu 2 kertaa' but did not.</status>
</kw>
<kw name="Click Button" owner="SeleniumLibrary">
<arg>Nollaa</arg>
<doc>Clicks the button identified by ``locator``.</doc>
<status status="NOT RUN" start="2024-11-18T23:26:57.368797" elapsed="0.000000"/>
</kw>
<kw name="Page Should Contain" owner="SeleniumLibrary">
<arg>nappia painettu 0 kertaa</arg>
<doc>Verifies that current page contains ``text``.</doc>
<status status="NOT RUN" start="2024-11-18T23:26:57.368797" elapsed="0.000000"/>
</kw>
<status status="FAIL" start="2024-11-18T23:26:50.477590" elapsed="6.891207">Page should have contained text 'nappia painettu 2 kertaa' but did not.</status>
</test>
<kw name="Close Browser" owner="SeleniumLibrary" type="TEARDOWN">
<doc>Closes the current browser.</doc>
<status status="PASS" start="2024-11-18T23:26:57.369799" elapsed="2.542482"/>
</kw>
<status status="FAIL" start="2024-11-18T23:26:49.189278" elapsed="10.723003"/>
</suite>
<status status="FAIL" start="2024-11-18T23:26:32.347866" elapsed="27.565418"/>
</suite>
<statistics>
<total>
<stat pass="2" fail="4" skip="0">All Tests</stat>
</total>
<tag>
</tag>
<suite>
<stat pass="2" fail="4" skip="0" id="s1" name="Tests">Tests</stat>
<stat pass="0" fail="1" skip="0" id="s1-s1" name="Counter">Tests.Counter</stat>
<stat pass="0" fail="2" skip="0" id="s1-s2" name="Home">Tests.Home</stat>
<stat pass="2" fail="0" skip="0" id="s1-s3" name="Increment">Tests.Increment</stat>
<stat pass="0" fail="1" skip="0" id="s1-s4" name="Reset">Tests.Reset</stat>
</suite>
</statistics>
<errors>
</errors>
</robot>
