<?xml version="1.0" encoding="UTF-8"?>
<robot generator="Robot 7.1.1 (Python 3.10.11 on win32)" generated="2024-11-18T23:13:20.038777" rpa="false" schemaversion="5">
<suite id="s1" name="Counter" source="C:\Users\Emil\webcounter\src\tests\counter.robot">
<test id="s1-t1" name="Set Counter Value" line="12">
<kw name="Open Browser" owner="SeleniumLibrary">
<msg time="2024-11-18T23:13:20.271897" level="INFO">Opening browser 'chrome' to base url 'http://localhost:5001'.</msg>
<arg>${HOME_URL}</arg>
<arg>${BROWSER}</arg>
<arg>headless=${HEADLESS}</arg>
<doc>Opens a new browser instance to the optional ``url``.</doc>
<status status="PASS" start="2024-11-18T23:13:20.270897" elapsed="1.839086"/>
</kw>
<kw name="Input Text" owner="SeleniumLibrary">
<msg time="2024-11-18T23:13:22.110982" level="INFO">Typing text '10' into text field 'value'.</msg>
<msg time="2024-11-18T23:13:22.173503" level="INFO" html="true">&lt;/td&gt;&lt;/tr&gt;&lt;tr&gt;&lt;td colspan="3"&gt;&lt;a href="selenium-screenshot-1.png"&gt;&lt;img src="selenium-screenshot-1.png" width="800px"&gt;&lt;/a&gt;</msg>
<msg time="2024-11-18T23:13:22.174504" level="FAIL">Element with locator 'value' not found.</msg>
<arg>value</arg>
<arg>10</arg>
<doc>Types the given ``text`` into the text field identified by ``locator``.</doc>
<status status="FAIL" start="2024-11-18T23:13:22.110982" elapsed="0.065522">Element with locator 'value' not found.</status>
</kw>
<kw name="Click Button" owner="SeleniumLibrary">
<arg>Set Counter</arg>
<doc>Clicks the button identified by ``locator``.</doc>
<status status="NOT RUN" start="2024-11-18T23:13:22.177504" elapsed="0.000000"/>
</kw>
<kw name="Page Should Contain" owner="SeleniumLibrary">
<arg>10</arg>
<doc>Verifies that current page contains ``text``.</doc>
<status status="NOT RUN" start="2024-11-18T23:13:22.177504" elapsed="0.000000"/>
</kw>
<kw name="Close Browser" owner="SeleniumLibrary">
<doc>Closes the current browser.</doc>
<status status="NOT RUN" start="2024-11-18T23:13:22.177504" elapsed="0.000000"/>
</kw>
<status status="FAIL" start="2024-11-18T23:13:20.270897" elapsed="1.906607">Element with locator 'value' not found.</status>
</test>
<status status="FAIL" start="2024-11-18T23:13:20.039778" elapsed="2.138727"/>
</suite>
<statistics>
<total>
<stat pass="0" fail="1" skip="0">All Tests</stat>
</total>
<tag>
</tag>
<suite>
<stat pass="0" fail="1" skip="0" id="s1" name="Counter">Counter</stat>
</suite>
</statistics>
<errors>
</errors>
</robot>
